2023-05-27T10:32:39.840+04:00  INFO 5436 --- [main] c.e.p.d.DemoProjectApplication           : Starting DemoProjectApplication using Java 20 with PID 5436 (C:\Users\giogu\OneDrive\Desktop\demoProject\target\classes started by giogu in C:\Users\giogu\OneDrive\Desktop\demoProject)
2023-05-27T10:32:39.885+04:00  INFO 5436 --- [main] c.e.p.d.DemoProjectApplication           : No active profile set, falling back to 1 default profile: "default"
2023-05-27T10:32:42.373+04:00  INFO 5436 --- [main] .s.d.r.c.RepositoryConfigurationDelegate : Bootstrapping Spring Data JPA repositories in DEFAULT mode.
2023-05-27T10:32:42.602+04:00  INFO 5436 --- [main] .s.d.r.c.RepositoryConfigurationDelegate : Finished Spring Data repository scanning in 179 ms. Found 1 JPA repository interfaces.
2023-05-27T10:32:46.307+04:00  INFO 5436 --- [main] o.s.b.w.embedded.tomcat.TomcatWebServer  : Tomcat initialized with port(s): 8080 (http)
2023-05-27T10:32:46.334+04:00  INFO 5436 --- [main] o.apache.catalina.core.StandardService   : Starting service [Tomcat]
2023-05-27T10:32:46.335+04:00  INFO 5436 --- [main] o.apache.catalina.core.StandardEngine    : Starting Servlet engine: [Apache Tomcat/10.1.8]
2023-05-27T10:32:46.640+04:00  INFO 5436 --- [main] o.a.c.c.C.[Tomcat].[localhost].[/]       : Initializing Spring embedded WebApplicationContext
2023-05-27T10:32:46.641+04:00  INFO 5436 --- [main] w.s.c.ServletWebServerApplicationContext : Root WebApplicationContext: initialization completed in 6463 ms
2023-05-27T10:32:46.823+04:00  WARN 5436 --- [main] ConfigServletWebServerApplicationContext : Exception encountered during context initialization - cancelling refresh attempt: org.springframework.beans.factory.UnsatisfiedDependencyException: Error creating bean with name 'dataSourceScriptDatabaseInitializer' defined in class path resource [org/springframework/boot/autoconfigure/sql/init/DataSourceInitializationConfiguration.class]: Unsatisfied dependency expressed through method 'dataSourceScriptDatabaseInitializer' parameter 0: Error creating bean with name 'dataSource' defined in class path resource [org/springframework/boot/autoconfigure/jdbc/DataSourceConfiguration$Hikari.class]: Failed to instantiate [com.zaxxer.hikari.HikariDataSource]: Factory method 'dataSource' threw exception with message: Failed to determine a suitable driver class
2023-05-27T10:32:46.828+04:00  INFO 5436 --- [main] o.apache.catalina.core.StandardService   : Stopping service [Tomcat]
2023-05-27T10:32:46.864+04:00  INFO 5436 --- [main] .s.b.a.l.ConditionEvaluationReportLogger : 

Error starting ApplicationContext. To display the condition evaluation report re-run your application with 'debug' enabled.
2023-05-27T10:32:46.919+04:00 ERROR 5436 --- [main] o.s.b.d.LoggingFailureAnalysisReporter   : 

***************************
APPLICATION FAILED TO START
***************************

Description:

Failed to configure a DataSource: 'url' attribute is not specified and no embedded datasource could be configured.

Reason: Failed to determine a suitable driver class


Action:

Consider the following:
	If you want an embedded database (H2, HSQL or Derby), please put it on the classpath.
	If you have database settings to be loaded from a particular profile you may need to activate it (no profiles are currently active).

2023-05-27T10:53:08.754+04:00  INFO 15496 --- [main] c.e.p.d.DemoProjectApplication           : Starting DemoProjectApplication using Java 20 with PID 15496 (C:\Users\giogu\OneDrive\Desktop\demoProject\target\classes started by giogu in C:\Users\giogu\OneDrive\Desktop\demoProject)
2023-05-27T10:53:08.765+04:00  INFO 15496 --- [main] c.e.p.d.DemoProjectApplication           : No active profile set, falling back to 1 default profile: "default"
2023-05-27T10:53:11.010+04:00  INFO 15496 --- [main] .s.d.r.c.RepositoryConfigurationDelegate : Bootstrapping Spring Data JPA repositories in DEFAULT mode.
2023-05-27T10:53:11.185+04:00  INFO 15496 --- [main] .s.d.r.c.RepositoryConfigurationDelegate : Finished Spring Data repository scanning in 148 ms. Found 1 JPA repository interfaces.
2023-05-27T10:53:12.814+04:00  INFO 15496 --- [main] o.s.b.w.embedded.tomcat.TomcatWebServer  : Tomcat initialized with port(s): 8080 (http)
2023-05-27T10:53:12.839+04:00  INFO 15496 --- [main] o.apache.catalina.core.StandardService   : Starting service [Tomcat]
2023-05-27T10:53:12.840+04:00  INFO 15496 --- [main] o.apache.catalina.core.StandardEngine    : Starting Servlet engine: [Apache Tomcat/10.1.8]
2023-05-27T10:53:13.075+04:00  INFO 15496 --- [main] o.a.c.c.C.[Tomcat].[localhost].[/]       : Initializing Spring embedded WebApplicationContext
2023-05-27T10:53:13.076+04:00  INFO 15496 --- [main] w.s.c.ServletWebServerApplicationContext : Root WebApplicationContext: initialization completed in 4124 ms
2023-05-27T10:53:13.379+04:00  WARN 15496 --- [main] ConfigServletWebServerApplicationContext : Exception encountered during context initialization - cancelling refresh attempt: org.springframework.beans.factory.UnsatisfiedDependencyException: Error creating bean with name 'dataSourceScriptDatabaseInitializer' defined in class path resource [org/springframework/boot/autoconfigure/sql/init/DataSourceInitializationConfiguration.class]: Unsatisfied dependency expressed through method 'dataSourceScriptDatabaseInitializer' parameter 0: Error creating bean with name 'dataSource' defined in class path resource [org/springframework/boot/autoconfigure/jdbc/DataSourceConfiguration$Hikari.class]: Failed to instantiate [com.zaxxer.hikari.HikariDataSource]: Factory method 'dataSource' threw exception with message: Failed to determine a suitable driver class
2023-05-27T10:53:13.392+04:00  INFO 15496 --- [main] o.apache.catalina.core.StandardService   : Stopping service [Tomcat]
2023-05-27T10:53:13.433+04:00  INFO 15496 --- [main] .s.b.a.l.ConditionEvaluationReportLogger : 

Error starting ApplicationContext. To display the condition evaluation report re-run your application with 'debug' enabled.
2023-05-27T10:53:13.492+04:00 ERROR 15496 --- [main] o.s.b.d.LoggingFailureAnalysisReporter   : 

***************************
APPLICATION FAILED TO START
***************************

Description:

Failed to configure a DataSource: 'url' attribute is not specified and no embedded datasource could be configured.

Reason: Failed to determine a suitable driver class


Action:

Consider the following:
	If you want an embedded database (H2, HSQL or Derby), please put it on the classpath.
	If you have database settings to be loaded from a particular profile you may need to activate it (no profiles are currently active).

